Added Component: Designator=C1(C0805_L)
Add component. Clean all parameters for all variants
Add component (AddParameter): Name = "BOM名称"; Value = "无极性贴片电容"; VariantName = "[No Variations]"
Add component (AddParameter): Name = "联系卖家，免费查找封装"; Value = "唯一出售店铺网址https://shop463601444.taobao.com"; VariantName = "[No Variations]"
Added Component: Designator=C2(C0805_L)
Add component. Clean all parameters for all variants
Add component (AddParameter): Name = "BOM名称"; Value = "无极性贴片电容"; VariantName = "[No Variations]"
Add component (AddParameter): Name = "联系卖家，免费查找封装"; Value = "唯一出售店铺网址https://shop463601444.taobao.com"; VariantName = "[No Variations]"
Added Component: Designator=C3(C0805_L)
Add component. Clean all parameters for all variants
Add component (AddParameter): Name = "BOM名称"; Value = "无极性贴片电容"; VariantName = "[No Variations]"
Add component (AddParameter): Name = "联系卖家，免费查找封装"; Value = "唯一出售店铺网址https://shop463601444.taobao.com"; VariantName = "[No Variations]"
Added Component: Designator=C4(C0805_L)
Add component. Clean all parameters for all variants
Add component (AddParameter): Name = "BOM名称"; Value = "无极性贴片电容"; VariantName = "[No Variations]"
Add component (AddParameter): Name = "联系卖家，免费查找封装"; Value = "唯一出售店铺网址https://shop463601444.taobao.com"; VariantName = "[No Variations]"
Added Component: Designator=C5(C0805_L)
Add component. Clean all parameters for all variants
Add component (AddParameter): Name = "BOM名称"; Value = "无极性贴片电容"; VariantName = "[No Variations]"
Add component (AddParameter): Name = "联系卖家，免费查找封装"; Value = "唯一出售店铺网址https://shop463601444.taobao.com"; VariantName = "[No Variations]"
Added Component: Designator=C6(C0805_L)
Add component. Clean all parameters for all variants
Add component (AddParameter): Name = "BOM名称"; Value = "无极性贴片电容"; VariantName = "[No Variations]"
Add component (AddParameter): Name = "联系卖家，免费查找封装"; Value = "唯一出售店铺网址https://shop463601444.taobao.com"; VariantName = "[No Variations]"
Added Component: Designator=C7(C0805_L)
Add component. Clean all parameters for all variants
Add component (AddParameter): Name = "BOM名称"; Value = "无极性贴片电容"; VariantName = "[No Variations]"
Add component (AddParameter): Name = "联系卖家，免费查找封装"; Value = "唯一出售店铺网址https://shop463601444.taobao.com"; VariantName = "[No Variations]"
Added Component: Designator=C8(C0805_L)
Add component. Clean all parameters for all variants
Add component (AddParameter): Name = "BOM名称"; Value = "无极性贴片电容"; VariantName = "[No Variations]"
Add component (AddParameter): Name = "联系卖家，免费查找封装"; Value = "唯一出售店铺网址https://shop463601444.taobao.com"; VariantName = "[No Variations]"
Added Component: Designator=C9(C0805_L)
Add component. Clean all parameters for all variants
Add component (AddParameter): Name = "BOM名称"; Value = "无极性贴片电容"; VariantName = "[No Variations]"
Add component (AddParameter): Name = "联系卖家，免费查找封装"; Value = "唯一出售店铺网址https://shop463601444.taobao.com"; VariantName = "[No Variations]"
Added Component: Designator=C10(C0805_L)
Add component. Clean all parameters for all variants
Add component (AddParameter): Name = "BOM名称"; Value = "无极性贴片电容"; VariantName = "[No Variations]"
Add component (AddParameter): Name = "联系卖家，免费查找封装"; Value = "唯一出售店铺网址https://shop463601444.taobao.com"; VariantName = "[No Variations]"
Added Component: Designator=C11(C0805_L)
Add component. Clean all parameters for all variants
Add component (AddParameter): Name = "BOM名称"; Value = "无极性贴片电容"; VariantName = "[No Variations]"
Add component (AddParameter): Name = "联系卖家，免费查找封装"; Value = "唯一出售店铺网址https://shop463601444.taobao.com"; VariantName = "[No Variations]"
Added Component: Designator=C12(C0805_L)
Add component. Clean all parameters for all variants
Add component (AddParameter): Name = "BOM名称"; Value = "无极性贴片电容"; VariantName = "[No Variations]"
Add component (AddParameter): Name = "联系卖家，免费查找封装"; Value = "唯一出售店铺网址https://shop463601444.taobao.com"; VariantName = "[No Variations]"
Added Component: Designator=C13(C0805_L)
Add component. Clean all parameters for all variants
Add component (AddParameter): Name = "BOM名称"; Value = "无极性贴片电容"; VariantName = "[No Variations]"
Add component (AddParameter): Name = "联系卖家，免费查找封装"; Value = "唯一出售店铺网址https://shop463601444.taobao.com"; VariantName = "[No Variations]"
Added Component: Designator=C14(C0805_L)
Add component. Clean all parameters for all variants
Add component (AddParameter): Name = "BOM名称"; Value = "无极性贴片电容"; VariantName = "[No Variations]"
Add component (AddParameter): Name = "联系卖家，免费查找封装"; Value = "唯一出售店铺网址https://shop463601444.taobao.com"; VariantName = "[No Variations]"
Added Component: Designator=D1(SMC)
Add component. Clean all parameters for all variants
Add component (AddParameter): Name = "BOM名称"; Value = "肖特基二极管"; VariantName = "[No Variations]"
Add component (AddParameter): Name = "属性"; Value = "40V/5A"; VariantName = "[No Variations]"
Add component (AddParameter): Name = "联系卖家，免费查找封装"; Value = "唯一出售店铺网址https://shop463601444.taobao.com"; VariantName = "[No Variations]"
Added Component: Designator=D2(SMC)
Add component. Clean all parameters for all variants
Add component (AddParameter): Name = "BOM名称"; Value = "肖特基二极管"; VariantName = "[No Variations]"
Add component (AddParameter): Name = "属性"; Value = "40V/5A"; VariantName = "[No Variations]"
Add component (AddParameter): Name = "联系卖家，免费查找封装"; Value = "唯一出售店铺网址https://shop463601444.taobao.com"; VariantName = "[No Variations]"
Added Component: Designator=D3(SMC)
Add component. Clean all parameters for all variants
Add component (AddParameter): Name = "BOM名称"; Value = "肖特基二极管"; VariantName = "[No Variations]"
Add component (AddParameter): Name = "属性"; Value = "40V/5A"; VariantName = "[No Variations]"
Add component (AddParameter): Name = "联系卖家，免费查找封装"; Value = "唯一出售店铺网址https://shop463601444.taobao.com"; VariantName = "[No Variations]"
Added Component: Designator=DUOJI(HDR2.54-LI-3P)
Add component. Clean all parameters for all variants
Add component (AddParameter): Name = "BOM名称"; Value = "3P接插件"; VariantName = "[No Variations]"
Add component (AddParameter): Name = "封装库来自淘宝卖家 ID：黄晶宝石"; Value = "其他店铺购入均为盗版假冒封装库"; VariantName = "[No Variations]"
Add component (AddParameter): Name = "联系卖家，免费查找封装"; Value = "唯一出售店铺网址https://shop463601444.taobao.com"; VariantName = "[No Variations]"
Added Component: Designator=JP2(FPC0.5 2H-S-W-20P)
Add component. Clean all parameters for all variants
Add component (AddParameter): Name = "BOM名称"; Value = "FPC连接器"; VariantName = "[No Variations]"
Add component (AddParameter): Name = "学习资源"; Value = "www.ooocke.com"; VariantName = "[No Variations]"
Add component (AddParameter): Name = "版权归属"; Value = "源创客"; VariantName = "[No Variations]"
Added Component: Designator=JP3(FPC0.5 2H-S-W-20P)
Add component. Clean all parameters for all variants
Add component (AddParameter): Name = "BOM名称"; Value = "FPC连接器"; VariantName = "[No Variations]"
Add component (AddParameter): Name = "学习资源"; Value = "www.ooocke.com"; VariantName = "[No Variations]"
Add component (AddParameter): Name = "版权归属"; Value = "源创客"; VariantName = "[No Variations]"
Added Component: Designator=JP4(HDR2.54-LI-12P)
Add component. Clean all parameters for all variants
Add component (AddParameter): Name = "BOM名称"; Value = "12P接插件"; VariantName = "[No Variations]"
Add component (AddParameter): Name = "封装库来自淘宝卖家 ID：黄晶宝石"; Value = "其他店铺购入均为盗版假冒封装库"; VariantName = "[No Variations]"
Add component (AddParameter): Name = "联系卖家，免费查找封装"; Value = "唯一出售店铺网址https://shop463601444.taobao.com"; VariantName = "[No Variations]"
Added Component: Designator=JP5(HDR2.54-LI-8P)
Add component. Clean all parameters for all variants
Add component (AddParameter): Name = "BOM名称"; Value = "8P接插件"; VariantName = "[No Variations]"
Add component (AddParameter): Name = "封装库来自淘宝卖家 ID：黄晶宝石"; Value = "其他店铺购入均为盗版假冒封装库"; VariantName = "[No Variations]"
Add component (AddParameter): Name = "联系卖家，免费查找封装"; Value = "唯一出售店铺网址https://shop463601444.taobao.com"; VariantName = "[No Variations]"
Added Component: Designator=LP1(SOT23-5N)
Add component. Clean all parameters for all variants
Added Component: Designator=LP2(SOT23-5N)
Add component. Clean all parameters for all variants
Added Component: Designator=MCU(LQFP48_N)
Add component. Clean all parameters for all variants
Add component (AddParameter): Name = ""; Value = "https://shop463601444.taobao.com"; VariantName = "[No Variations]"
Add component (AddParameter): Name = "ComponentLink1Description"; Value = "Manufacturer URL"; VariantName = "[No Variations]"
Add component (AddParameter): Name = "ComponentLink1URL"; Value = "http://www.st.com/"; VariantName = "[No Variations]"
Add component (AddParameter): Name = "ComponentLink2Description"; Value = "STM32F103 Datasheet"; VariantName = "[No Variations]"
Add component (AddParameter): Name = "ComponentLink2URL"; Value = "http://www.st.com/internet/com/TECHNICAL_RESOURCES/TECHNICAL_LITERATURE/DATASHEET/CD00161566.pdf"; VariantName = "[No Variations]"
Add component (AddParameter): Name = "ComponentLink3Description"; Value = "STM32 Family Web Page"; VariantName = "[No Variations]"
Add component (AddParameter): Name = "ComponentLink3URL"; Value = "www.st.com/stm32"; VariantName = "[No Variations]"
Add component (AddParameter): Name = "DatasheetVersion"; Value = "rev13.0, Apr-2011"; VariantName = "[No Variations]"
Add component (AddParameter): Name = "PackageDescription"; Value = "48-Pin Low-Profile Quad Flat Pack, 7 x 7 mm Body, 0.5 mm Pitch (LQFP48)"; VariantName = "[No Variations]"
Add component (AddParameter): Name = "PackageReference"; Value = "LQFP48"; VariantName = "[No Variations]"
Add component (AddParameter): Name = "PackageVersion"; Value = "rev13, Apr-2011"; VariantName = "[No Variations]"
Add component (AddParameter): Name = "联系卖家，免费查找封装"; Value = "唯一出售店铺网址https://shop463601444.taobao.com"; VariantName = "[No Variations]"
Added Component: Designator=NPN(SOT23-3N)
Add component. Clean all parameters for all variants
Add component (AddParameter): Name = "BOM名称"; Value = "高频放大-NPN型"; VariantName = "[No Variations]"
Add component (AddParameter): Name = "参数"; Value = "40V 1.5A 1W 100MHZ"; VariantName = "[No Variations]"
Add component (AddParameter): Name = "联系卖家，免费查找封装"; Value = "唯一出售店铺网址https://shop463601444.taobao.com"; VariantName = "[No Variations]"
Added Component: Designator=PNP(SOT23-3N)
Add component. Clean all parameters for all variants
Add component (AddParameter): Name = "BOM名称"; Value = "高频放大-PNP型"; VariantName = "[No Variations]"
Add component (AddParameter): Name = "参数"; Value = "40V 1.5A 1W 100MHZ"; VariantName = "[No Variations]"
Add component (AddParameter): Name = "联系卖家，免费查找封装"; Value = "唯一出售店铺网址https://shop463601444.taobao.com"; VariantName = "[No Variations]"
Added Component: Designator=Q1(TO252)
Add component. Clean all parameters for all variants
Add component (AddParameter): Name = "BOM名称"; Value = "N沟场效应管"; VariantName = "[No Variations]"
Add component (AddParameter): Name = "参数"; Value = ""; VariantName = "[No Variations]"
Add component (AddParameter): Name = "联系卖家，免费查找封装"; Value = "唯一出售店铺网址https://shop463601444.taobao.com"; VariantName = "[No Variations]"
Added Component: Designator=Q2(TO252)
Add component. Clean all parameters for all variants
Add component (AddParameter): Name = "BOM名称"; Value = "N沟场效应管"; VariantName = "[No Variations]"
Add component (AddParameter): Name = "参数"; Value = ""; VariantName = "[No Variations]"
Add component (AddParameter): Name = "联系卖家，免费查找封装"; Value = "唯一出售店铺网址https://shop463601444.taobao.com"; VariantName = "[No Variations]"
Added Component: Designator=R1(R0805_L)
Add component. Clean all parameters for all variants
Add component (AddParameter): Name = "BOM名称"; Value = "贴片电阻"; VariantName = "[No Variations]"
Add component (AddParameter): Name = "联系卖家，免费查找封装"; Value = "唯一出售店铺网址https://shop463601444.taobao.com"; VariantName = "[No Variations]"
Added Component: Designator=R2(R0805_L)
Add component. Clean all parameters for all variants
Add component (AddParameter): Name = "BOM名称"; Value = "贴片电阻"; VariantName = "[No Variations]"
Add component (AddParameter): Name = "联系卖家，免费查找封装"; Value = "唯一出售店铺网址https://shop463601444.taobao.com"; VariantName = "[No Variations]"
Added Component: Designator=R3(R0805_L)
Add component. Clean all parameters for all variants
Add component (AddParameter): Name = "BOM名称"; Value = "贴片电阻"; VariantName = "[No Variations]"
Add component (AddParameter): Name = "联系卖家，免费查找封装"; Value = "唯一出售店铺网址https://shop463601444.taobao.com"; VariantName = "[No Variations]"
Added Component: Designator=R4(R0805_L)
Add component. Clean all parameters for all variants
Add component (AddParameter): Name = "BOM名称"; Value = "贴片电阻"; VariantName = "[No Variations]"
Add component (AddParameter): Name = "联系卖家，免费查找封装"; Value = "唯一出售店铺网址https://shop463601444.taobao.com"; VariantName = "[No Variations]"
Added Component: Designator=R5(R0805_L)
Add component. Clean all parameters for all variants
Add component (AddParameter): Name = "BOM名称"; Value = "贴片电阻"; VariantName = "[No Variations]"
Add component (AddParameter): Name = "联系卖家，免费查找封装"; Value = "唯一出售店铺网址https://shop463601444.taobao.com"; VariantName = "[No Variations]"
Added Component: Designator=R6(R0805_L)
Add component. Clean all parameters for all variants
Add component (AddParameter): Name = "BOM名称"; Value = "贴片电阻"; VariantName = "[No Variations]"
Add component (AddParameter): Name = "联系卖家，免费查找封装"; Value = "唯一出售店铺网址https://shop463601444.taobao.com"; VariantName = "[No Variations]"
Added Component: Designator=R7(R0805_L)
Add component. Clean all parameters for all variants
Add component (AddParameter): Name = "BOM名称"; Value = "贴片电阻"; VariantName = "[No Variations]"
Add component (AddParameter): Name = "联系卖家，免费查找封装"; Value = "唯一出售店铺网址https://shop463601444.taobao.com"; VariantName = "[No Variations]"
Added Component: Designator=R8(R0805_L)
Add component. Clean all parameters for all variants
Add component (AddParameter): Name = "BOM名称"; Value = "贴片电阻"; VariantName = "[No Variations]"
Add component (AddParameter): Name = "联系卖家，免费查找封装"; Value = "唯一出售店铺网址https://shop463601444.taobao.com"; VariantName = "[No Variations]"
Added Component: Designator=R9(R0805_L)
Add component. Clean all parameters for all variants
Add component (AddParameter): Name = "BOM名称"; Value = "贴片电阻"; VariantName = "[No Variations]"
Add component (AddParameter): Name = "联系卖家，免费查找封装"; Value = "唯一出售店铺网址https://shop463601444.taobao.com"; VariantName = "[No Variations]"
Added Component: Designator=R10(R0805_L)
Add component. Clean all parameters for all variants
Add component (AddParameter): Name = "BOM名称"; Value = "贴片电阻"; VariantName = "[No Variations]"
Add component (AddParameter): Name = "联系卖家，免费查找封装"; Value = "唯一出售店铺网址https://shop463601444.taobao.com"; VariantName = "[No Variations]"
Added Component: Designator=R11(R0805_L)
Add component. Clean all parameters for all variants
Add component (AddParameter): Name = "BOM名称"; Value = "贴片电阻"; VariantName = "[No Variations]"
Add component (AddParameter): Name = "联系卖家，免费查找封装"; Value = "唯一出售店铺网址https://shop463601444.taobao.com"; VariantName = "[No Variations]"
Added Component: Designator=R12(R0805_L)
Add component. Clean all parameters for all variants
Add component (AddParameter): Name = "BOM名称"; Value = "贴片电阻"; VariantName = "[No Variations]"
Add component (AddParameter): Name = "联系卖家，免费查找封装"; Value = "唯一出售店铺网址https://shop463601444.taobao.com"; VariantName = "[No Variations]"
Added Component: Designator=R13(R0805_L)
Add component. Clean all parameters for all variants
Add component (AddParameter): Name = "BOM名称"; Value = "贴片电阻"; VariantName = "[No Variations]"
Add component (AddParameter): Name = "联系卖家，免费查找封装"; Value = "唯一出售店铺网址https://shop463601444.taobao.com"; VariantName = "[No Variations]"
Added Component: Designator=R14(R0805_L)
Add component. Clean all parameters for all variants
Add component (AddParameter): Name = "BOM名称"; Value = "贴片电阻"; VariantName = "[No Variations]"
Add component (AddParameter): Name = "联系卖家，免费查找封装"; Value = "唯一出售店铺网址https://shop463601444.taobao.com"; VariantName = "[No Variations]"
Added Component: Designator=R15(R0805_L)
Add component. Clean all parameters for all variants
Add component (AddParameter): Name = "BOM名称"; Value = "贴片电阻"; VariantName = "[No Variations]"
Add component (AddParameter): Name = "联系卖家，免费查找封装"; Value = "唯一出售店铺网址https://shop463601444.taobao.com"; VariantName = "[No Variations]"
Added Component: Designator=R16(R0805_L)
Add component. Clean all parameters for all variants
Add component (AddParameter): Name = "BOM名称"; Value = "贴片电阻"; VariantName = "[No Variations]"
Add component (AddParameter): Name = "联系卖家，免费查找封装"; Value = "唯一出售店铺网址https://shop463601444.taobao.com"; VariantName = "[No Variations]"
Added Component: Designator=RESET(SW SMD-3*6*2.5)
Add component. Clean all parameters for all variants
Add component (AddParameter): Name = "BOM名称"; Value = "3x6轻触开关"; VariantName = "[No Variations]"
Add component (AddParameter): Name = "封装库来自淘宝卖家ID：黄晶宝石"; Value = "其他店铺购入均为盗版假冒封装库，请立即申请退款"; VariantName = "[No Variations]"
Add component (AddParameter): Name = "联系卖家，免费查找封装"; Value = "唯一出售店铺网址https://shop463601444.taobao.com"; VariantName = "[No Variations]"
Added Component: Designator=SWD(XH2.54-WI-4P)
Add component. Clean all parameters for all variants
Add component (AddParameter): Name = "BOM名称"; Value = "4P接插件"; VariantName = "[No Variations]"
Add component (AddParameter): Name = "封装库来自淘宝卖家 ID：黄晶宝石"; Value = "其他店铺购入均为盗版假冒封装库"; VariantName = "[No Variations]"
Add component (AddParameter): Name = "联系卖家，免费查找封装"; Value = "唯一出售店铺网址https://shop463601444.taobao.com"; VariantName = "[No Variations]"
Added Component: Designator=V_SWITCH(HDR2.54-LI-3P)
Add component. Clean all parameters for all variants
Add component (AddParameter): Name = "BOM名称"; Value = "3P接插件"; VariantName = "[No Variations]"
Add component (AddParameter): Name = "封装库来自淘宝卖家 ID：黄晶宝石"; Value = "其他店铺购入均为盗版假冒封装库"; VariantName = "[No Variations]"
Add component (AddParameter): Name = "联系卖家，免费查找封装"; Value = "唯一出售店铺网址https://shop463601444.taobao.com"; VariantName = "[No Variations]"
Added Component: Designator=V(KF301-5.0-2P)
Add component. Clean all parameters for all variants
Add component (AddParameter): Name = "BOM名称"; Value = "2P接插件"; VariantName = "[No Variations]"
Add component (AddParameter): Name = "封装库来自淘宝卖家 ID：黄晶宝石"; Value = "其他店铺购入均为盗版假冒封装库"; VariantName = "[No Variations]"
Add component (AddParameter): Name = "联系卖家，免费技术支持"; Value = "唯一出售店铺网址https://shop463601444.taobao.com"; VariantName = "[No Variations]"
Added Component: Designator=X(XTAL-3225-4P)
Add component. Clean all parameters for all variants
Add component (AddParameter): Name = "BOM名称"; Value = "4脚无源晶振(谐振器）"; VariantName = "[No Variations]"
Add component (AddParameter): Name = "联系卖家，免费查找封装"; Value = "唯一出售店铺网址https://shop463601444.taobao.com"; VariantName = "[No Variations]"
Added Pin To Net: NetName=3V3 Pin=C1-2
Added Pin To Net: NetName=3V3 Pin=C3-1
Added Pin To Net: NetName=3V3 Pin=C4-1
Added Pin To Net: NetName=3V3 Pin=C5-1
Added Pin To Net: NetName=3V3 Pin=C6-1
Added Pin To Net: NetName=3V3 Pin=C7-1
Added Pin To Net: NetName=3V3 Pin=C8-1
Added Pin To Net: NetName=3V3 Pin=C9-1
Added Pin To Net: NetName=3V3 Pin=LP1-5
Added Pin To Net: NetName=3V3 Pin=SWD-4
Added Net: Name=3V3
Added Pin To Net: NetName=5V Pin=C10-1
Added Pin To Net: NetName=5V Pin=C13-1
Added Pin To Net: NetName=5V Pin=LP1-1
Added Pin To Net: NetName=5V Pin=LP1-3
Added Pin To Net: NetName=5V Pin=LP2-1
Added Pin To Net: NetName=5V Pin=PNP-2
Added Pin To Net: NetName=5V Pin=Q1-2
Added Pin To Net: NetName=5V Pin=Q2-3
Added Pin To Net: NetName=5V Pin=R15-2
Added Net: Name=5V
Added Pin To Net: NetName=7.5V Pin=R7-1
Added Pin To Net: NetName=7.5V Pin=R8-2
Added Pin To Net: NetName=7.5V Pin=R9-2
Added Pin To Net: NetName=7.5V Pin=R10-2
Added Pin To Net: NetName=7.5V Pin=V_SWITCH-1
Added Net: Name=7.5V
Added Pin To Net: NetName=12V Pin=R8-1
Added Pin To Net: NetName=12V Pin=V_SWITCH-3
Added Net: Name=12V
Added Pin To Net: NetName=BOOT0 Pin=MCU-44
Added Pin To Net: NetName=BOOT0 Pin=R1-2
Added Net: Name=BOOT0
Added Pin To Net: NetName=BOOT1 Pin=MCU-20
Added Pin To Net: NetName=BOOT1 Pin=R2-2
Added Net: Name=BOOT1
Added Pin To Net: NetName=C_1 Pin=JP3-10
Added Pin To Net: NetName=C_1 Pin=JP5-5
Added Net: Name=C_1
Added Pin To Net: NetName=C_2 Pin=JP3-9
Added Pin To Net: NetName=C_2 Pin=JP5-6
Added Net: Name=C_2
Added Pin To Net: NetName=C_3 Pin=JP3-8
Added Pin To Net: NetName=C_3 Pin=JP5-7
Added Net: Name=C_3
Added Pin To Net: NetName=C_4 Pin=JP3-7
Added Pin To Net: NetName=C_4 Pin=JP5-8
Added Net: Name=C_4
Added Pin To Net: NetName=DUOJI_VIN Pin=DUOJI-2
Added Pin To Net: NetName=DUOJI_VIN Pin=Q1-3
Added Net: Name=DUOJI_VIN
Added Pin To Net: NetName=GND Pin=C1-1
Added Pin To Net: NetName=GND Pin=C2-1
Added Pin To Net: NetName=GND Pin=C3-2
Added Pin To Net: NetName=GND Pin=C4-2
Added Pin To Net: NetName=GND Pin=C5-2
Added Pin To Net: NetName=GND Pin=C6-2
Added Pin To Net: NetName=GND Pin=C7-2
Added Pin To Net: NetName=GND Pin=C8-2
Added Pin To Net: NetName=GND Pin=C9-2
Added Pin To Net: NetName=GND Pin=C10-2
Added Pin To Net: NetName=GND Pin=C11-1
Added Pin To Net: NetName=GND Pin=C12-1
Added Pin To Net: NetName=GND Pin=C13-2
Added Pin To Net: NetName=GND Pin=C14-2
Added Pin To Net: NetName=GND Pin=DUOJI-3
Added Pin To Net: NetName=GND Pin=JP2-1
Added Pin To Net: NetName=GND Pin=JP2-15
Added Pin To Net: NetName=GND Pin=LP1-2
Added Pin To Net: NetName=GND Pin=LP2-2
Added Pin To Net: NetName=GND Pin=NPN-2
Added Pin To Net: NetName=GND Pin=R1-1
Added Pin To Net: NetName=GND Pin=R2-1
Added Pin To Net: NetName=GND Pin=R6-1
Added Pin To Net: NetName=GND Pin=R11-2
Added Pin To Net: NetName=GND Pin=R13-1
Added Pin To Net: NetName=GND Pin=R16-2
Added Pin To Net: NetName=GND Pin=RESET-1
Added Pin To Net: NetName=GND Pin=SWD-1
Added Pin To Net: NetName=GND Pin=V-2
Added Pin To Net: NetName=GND Pin=X-2
Added Pin To Net: NetName=GND Pin=X-4
Added Net: Name=GND
Added Pin To Net: NetName=KEY_G Pin=JP2-6
Added Pin To Net: NetName=KEY_G Pin=R16-1
Added Net: Name=KEY_G
Added Pin To Net: NetName=KEY_V Pin=JP2-5
Added Pin To Net: NetName=KEY_V Pin=NPN-3
Added Pin To Net: NetName=KEY_V Pin=R14-1
Added Net: Name=KEY_V
Added Pin To Net: NetName=KEYG Pin=JP3-6
Added Pin To Net: NetName=KEYG Pin=JP4-7
Added Net: Name=KEYG
Added Pin To Net: NetName=KEYV Pin=JP3-5
Added Pin To Net: NetName=KEYV Pin=JP4-8
Added Net: Name=KEYV
Added Pin To Net: NetName=MCU_VIN Pin=D2-2
Added Pin To Net: NetName=MCU_VIN Pin=JP2-2
Added Pin To Net: NetName=MCU_VIN Pin=R3-2
Added Net: Name=MCU_VIN
Added Pin To Net: NetName=NetD1_2 Pin=D1-2
Added Pin To Net: NetName=NetD1_2 Pin=R9-1
Added Pin To Net: NetName=NetD1_2 Pin=R10-1
Added Pin To Net: NetName=NetD1_2 Pin=R11-1
Added Net: Name=NetD1_2
Added Pin To Net: NetName=NetD2_1 Pin=D2-1
Added Pin To Net: NetName=NetD2_1 Pin=PNP-3
Added Net: Name=NetD2_1
Added Pin To Net: NetName=NetD3_2 Pin=D3-2
Added Pin To Net: NetName=NetD3_2 Pin=DUOJI-1
Added Net: Name=NetD3_2
Added Pin To Net: NetName=NetNPN_1 Pin=NPN-1
Added Pin To Net: NetName=NetNPN_1 Pin=R12-2
Added Pin To Net: NetName=NetNPN_1 Pin=R13-2
Added Net: Name=NetNPN_1
Added Pin To Net: NetName=NetPNP_1 Pin=PNP-1
Added Pin To Net: NetName=NetPNP_1 Pin=R14-2
Added Pin To Net: NetName=NetPNP_1 Pin=R15-1
Added Net: Name=NetPNP_1
Added Pin To Net: NetName=NetQ1_1 Pin=Q1-1
Added Pin To Net: NetName=NetQ1_1 Pin=R5-2
Added Pin To Net: NetName=NetQ1_1 Pin=R6-2
Added Net: Name=NetQ1_1
Added Pin To Net: NetName=NetQ2_1 Pin=Q2-1
Added Pin To Net: NetName=NetQ2_1 Pin=R7-2
Added Net: Name=NetQ2_1
Added Pin To Net: NetName=OLEDG Pin=JP3-1
Added Pin To Net: NetName=OLEDG Pin=JP4-12
Added Net: Name=OLEDG
Added Pin To Net: NetName=OLEDV Pin=JP3-2
Added Pin To Net: NetName=OLEDV Pin=JP4-11
Added Net: Name=OLEDV
Added Pin To Net: NetName=OSCIN Pin=C12-2
Added Pin To Net: NetName=OSCIN Pin=MCU-5
Added Pin To Net: NetName=OSCIN Pin=R4-1
Added Pin To Net: NetName=OSCIN Pin=X-3
Added Net: Name=OSCIN
Added Pin To Net: NetName=OSCOUT Pin=C11-2
Added Pin To Net: NetName=OSCOUT Pin=MCU-6
Added Pin To Net: NetName=OSCOUT Pin=R4-2
Added Pin To Net: NetName=OSCOUT Pin=X-1
Added Net: Name=OSCOUT
Added Pin To Net: NetName=P_G Pin=JP3-15
Added Pin To Net: NetName=P_G Pin=JP4-6
Added Net: Name=P_G
Added Pin To Net: NetName=P_V1 Pin=JP3-20
Added Pin To Net: NetName=P_V1 Pin=JP4-1
Added Net: Name=P_V1
Added Pin To Net: NetName=P_V2 Pin=JP3-18
Added Pin To Net: NetName=P_V2 Pin=JP4-3
Added Net: Name=P_V2
Added Pin To Net: NetName=PA0 Pin=JP2-11
Added Pin To Net: NetName=PA0 Pin=MCU-10
Added Net: Name=PA0
Added Pin To Net: NetName=PA2 Pin=JP2-16
Added Pin To Net: NetName=PA2 Pin=MCU-12
Added Net: Name=PA2
Added Pin To Net: NetName=PA3 Pin=JP2-17
Added Pin To Net: NetName=PA3 Pin=MCU-13
Added Net: Name=PA3
Added Pin To Net: NetName=PA4 Pin=JP2-10
Added Pin To Net: NetName=PA4 Pin=MCU-14
Added Net: Name=PA4
Added Pin To Net: NetName=PA5 Pin=JP2-9
Added Pin To Net: NetName=PA5 Pin=MCU-15
Added Net: Name=PA5
Added Pin To Net: NetName=PA6 Pin=JP2-8
Added Pin To Net: NetName=PA6 Pin=MCU-16
Added Net: Name=PA6
Added Pin To Net: NetName=PA7 Pin=JP2-7
Added Pin To Net: NetName=PA7 Pin=MCU-17
Added Net: Name=PA7
Added Pin To Net: NetName=PA11 Pin=MCU-32
Added Pin To Net: NetName=PA11 Pin=R5-1
Added Net: Name=PA11
Added Pin To Net: NetName=PA15 Pin=MCU-38
Added Pin To Net: NetName=PA15 Pin=R12-1
Added Net: Name=PA15
Added Pin To Net: NetName=PB1 Pin=D1-1
Added Pin To Net: NetName=PB1 Pin=MCU-19
Added Net: Name=PB1
Added Pin To Net: NetName=PB3 Pin=D3-1
Added Pin To Net: NetName=PB3 Pin=MCU-39
Added Net: Name=PB3
Added Pin To Net: NetName=PB5 Pin=JP2-3
Added Pin To Net: NetName=PB5 Pin=MCU-41
Added Net: Name=PB5
Added Pin To Net: NetName=PB6 Pin=JP2-4
Added Pin To Net: NetName=PB6 Pin=MCU-42
Added Net: Name=PB6
Added Pin To Net: NetName=PB7 Pin=LP2-3
Added Pin To Net: NetName=PB7 Pin=MCU-43
Added Net: Name=PB7
Added Pin To Net: NetName=PB12 Pin=JP2-19
Added Pin To Net: NetName=PB12 Pin=MCU-25
Added Net: Name=PB12
Added Pin To Net: NetName=PC13 Pin=JP2-14
Added Pin To Net: NetName=PC13 Pin=MCU-2
Added Net: Name=PC13
Added Pin To Net: NetName=PC14 Pin=JP2-13
Added Pin To Net: NetName=PC14 Pin=MCU-3
Added Net: Name=PC14
Added Pin To Net: NetName=PC15 Pin=JP2-12
Added Pin To Net: NetName=PC15 Pin=MCU-4
Added Net: Name=PC15
Added Pin To Net: NetName=PRINT_VIN Pin=C14-1
Added Pin To Net: NetName=PRINT_VIN Pin=JP2-18
Added Pin To Net: NetName=PRINT_VIN Pin=JP2-20
Added Pin To Net: NetName=PRINT_VIN Pin=LP2-5
Added Net: Name=PRINT_VIN
Added Pin To Net: NetName=R_1 Pin=JP3-14
Added Pin To Net: NetName=R_1 Pin=JP5-1
Added Net: Name=R_1
Added Pin To Net: NetName=R_2 Pin=JP3-13
Added Pin To Net: NetName=R_2 Pin=JP5-2
Added Net: Name=R_2
Added Pin To Net: NetName=R_3 Pin=JP3-12
Added Pin To Net: NetName=R_3 Pin=JP5-3
Added Net: Name=R_3
Added Pin To Net: NetName=R_4 Pin=JP3-11
Added Pin To Net: NetName=R_4 Pin=JP5-4
Added Net: Name=R_4
Added Pin To Net: NetName=RESET Pin=C2-2
Added Pin To Net: NetName=RESET Pin=MCU-7
Added Pin To Net: NetName=RESET Pin=R3-1
Added Pin To Net: NetName=RESET Pin=RESET-2
Added Net: Name=RESET
Added Pin To Net: NetName=RX Pin=JP3-16
Added Pin To Net: NetName=RX Pin=JP4-5
Added Net: Name=RX
Added Pin To Net: NetName=SCL Pin=JP3-3
Added Pin To Net: NetName=SCL Pin=JP4-10
Added Net: Name=SCL
Added Pin To Net: NetName=SDA Pin=JP3-4
Added Pin To Net: NetName=SDA Pin=JP4-9
Added Net: Name=SDA
Added Pin To Net: NetName=SWCLK Pin=MCU-37
Added Pin To Net: NetName=SWCLK Pin=SWD-2
Added Net: Name=SWCLK
Added Pin To Net: NetName=SWDIO Pin=MCU-34
Added Pin To Net: NetName=SWDIO Pin=SWD-3
Added Net: Name=SWDIO
Added Pin To Net: NetName=TOUCH Pin=JP3-19
Added Pin To Net: NetName=TOUCH Pin=JP4-2
Added Net: Name=TOUCH
Added Pin To Net: NetName=TX Pin=JP3-17
Added Pin To Net: NetName=TX Pin=JP4-4
Added Net: Name=TX
Added Pin To Net: NetName=VIN Pin=Q2-2
Added Pin To Net: NetName=VIN Pin=V-1
Added Pin To Net: NetName=VIN Pin=V_SWITCH-2
Added Net: Name=VIN
Added Class: Name=zhukong
