Removed Pin From Net: NetName=GND Pin=JP2-1
Removed Pin From Net: NetName=OLED_VIN Pin=JP2-2
Removed Pin From Net: NetName=KEY_V Pin=JP2-5
Removed Pin From Net: NetName=KEY_G Pin=JP2-6
Removed Pin From Net: NetName=PA7 Pin=JP2-7
Removed Pin From Net: NetName=PA6 Pin=JP2-8
Removed Pin From Net: NetName=PA5 Pin=JP2-9
Removed Pin From Net: NetName=PA4 Pin=JP2-10
Removed Pin From Net: NetName=PA0 Pin=JP2-11
Removed Pin From Net: NetName=GND Pin=JP2-15
Removed Pin From Net: NetName=PA2 Pin=JP2-16
Removed Pin From Net: NetName=PA3 Pin=JP2-17
Removed Pin From Net: NetName=PRINT_VIN Pin=JP2-18
Removed Pin From Net: NetName=PB12 Pin=JP2-19
Removed Pin From Net: NetName=PRINT_VIN Pin=JP2-20
Removed Pin From Net: NetName=OLEDG Pin=JP3-1
Removed Pin From Net: NetName=OLEDV Pin=JP3-2
Removed Pin From Net: NetName=SCL Pin=JP3-3
Removed Pin From Net: NetName=SDA Pin=JP3-4
Removed Pin From Net: NetName=KEYV Pin=JP3-5
Removed Pin From Net: NetName=KEYG Pin=JP3-6
Removed Pin From Net: NetName=C_4 Pin=JP3-7
Removed Pin From Net: NetName=C_3 Pin=JP3-8
Removed Pin From Net: NetName=C_2 Pin=JP3-9
Removed Pin From Net: NetName=C_1 Pin=JP3-10
Removed Pin From Net: NetName=R_4 Pin=JP3-11
Removed Pin From Net: NetName=R_3 Pin=JP3-12
Removed Pin From Net: NetName=R_2 Pin=JP3-13
Removed Pin From Net: NetName=R_1 Pin=JP3-14
Removed Pin From Net: NetName=P_G Pin=JP3-15
Removed Pin From Net: NetName=RX Pin=JP3-16
Removed Pin From Net: NetName=TX Pin=JP3-17
Removed Pin From Net: NetName=P_V2 Pin=JP3-18
Removed Pin From Net: NetName=TOUCH Pin=JP3-19
Removed Pin From Net: NetName=P_V1 Pin=JP3-20
Added Pin To Net: NetName=PRINT_VIN Pin=JP2-1
Added Pin To Net: NetName=PA0 Pin=JP2-2
Added Pin To Net: NetName=PRINT_VIN Pin=JP2-3
Added Pin To Net: NetName=PA3 Pin=JP2-4
Added Pin To Net: NetName=PA2 Pin=JP2-5
Added Pin To Net: NetName=GND Pin=JP2-6
Added Pin To Net: NetName=PA4 Pin=JP2-7
Added Pin To Net: NetName=PA5 Pin=JP2-8
Added Pin To Net: NetName=PA6 Pin=JP2-9
Added Pin To Net: NetName=PA7 Pin=JP2-10
Added Pin To Net: NetName=PB12 Pin=JP2-11
Added Pin To Net: NetName=KEY_G Pin=JP2-15
Added Pin To Net: NetName=KEY_V Pin=JP2-16
Added Pin To Net: NetName=OLED_VIN Pin=JP2-19
Added Pin To Net: NetName=GND Pin=JP2-20
Added Pin To Net: NetName=P_V1 Pin=JP3-1
Added Pin To Net: NetName=TOUCH Pin=JP3-2
Added Pin To Net: NetName=P_V2 Pin=JP3-3
Added Pin To Net: NetName=TX Pin=JP3-4
Added Pin To Net: NetName=RX Pin=JP3-5
Added Pin To Net: NetName=P_G Pin=JP3-6
Added Pin To Net: NetName=R_1 Pin=JP3-7
Added Pin To Net: NetName=R_2 Pin=JP3-8
Added Pin To Net: NetName=R_3 Pin=JP3-9
Added Pin To Net: NetName=R_4 Pin=JP3-10
Added Pin To Net: NetName=C_1 Pin=JP3-11
Added Pin To Net: NetName=C_2 Pin=JP3-12
Added Pin To Net: NetName=C_3 Pin=JP3-13
Added Pin To Net: NetName=C_4 Pin=JP3-14
Added Pin To Net: NetName=KEYG Pin=JP3-15
Added Pin To Net: NetName=KEYV Pin=JP3-16
Added Pin To Net: NetName=SDA Pin=JP3-17
Added Pin To Net: NetName=SCL Pin=JP3-18
Added Pin To Net: NetName=OLEDV Pin=JP3-19
Added Pin To Net: NetName=OLEDG Pin=JP3-20
Added Pin To Net: NetName=PA8 Pin=JP2-17
Added Pin To Net: NetName=PA8 Pin=MCU-29
Added Net: Name=PA8
Added Pin To Net: NetName=PA9 Pin=JP2-18
Added Pin To Net: NetName=PA9 Pin=MCU-30
Added Net: Name=PA9
Added Pin To Net: NetName=PB13 Pin=JP2-12
Added Pin To Net: NetName=PB13 Pin=MCU-26
Added Net: Name=PB13
Added Pin To Net: NetName=PB14 Pin=JP2-13
Added Pin To Net: NetName=PB14 Pin=MCU-27
Added Net: Name=PB14
Added Pin To Net: NetName=PB15 Pin=JP2-14
Added Pin To Net: NetName=PB15 Pin=MCU-28
Added Net: Name=PB15
